This is pdfTeX, Version 3.141592653-2.6-1.40.25 (MiKTeX 23.4) (preloaded format=pdflatex 2023.9.14)  5 OCT 2023 12:39
entering extended mode
 restricted \write18 enabled.
 %&-line parsing enabled.
**./3.tex
(3.tex
LaTeX2e <2022-11-01> patch level 1
L3 programming layer <2023-03-30>
(C:\Users\Botló\AppData\Local\Programs\MiKTeX\tex/latex/base\article.cls
Document Class: article 2022/07/02 v1.4n Standard LaTeX document class
(C:\Users\Botló\AppData\Local\Programs\MiKTeX\tex/latex/base\size10.clo
File: size10.clo 2022/07/02 v1.4n Standard LaTeX file (size option)
)
\c@part=\count185
\c@section=\count186
\c@subsection=\count187
\c@subsubsection=\count188
\c@paragraph=\count189
\c@subparagraph=\count190
\c@figure=\count191
\c@table=\count192
\abovecaptionskip=\skip48
\belowcaptionskip=\skip49
\bibindent=\dimen140
)
(C:\Users\Botló\AppData\Local\Programs\MiKTeX\tex/latex/booktabs\booktabs.sty
Package: booktabs 2020/01/12 v1.61803398 Publication quality tables
\heavyrulewidth=\dimen141
\lightrulewidth=\dimen142
\cmidrulewidth=\dimen143
\belowrulesep=\dimen144
\belowbottomsep=\dimen145
\aboverulesep=\dimen146
\abovetopsep=\dimen147
\cmidrulesep=\dimen148
\cmidrulekern=\dimen149
\defaultaddspace=\dimen150
\@cmidla=\count193
\@cmidlb=\count194
\@aboverulesep=\dimen151
\@belowrulesep=\dimen152
\@thisruleclass=\count195
\@lastruleclass=\count196
\@thisrulewidth=\dimen153
) (C:\Users\Botló\AppData\Local\Programs\MiKTeX\tex/latex/lipsum\lipsum.sty
(C:\Users\Botló\AppData\Local\Programs\MiKTeX\tex/latex/l3packages/l3keys2e\l3
keys2e.sty
(C:\Users\Botló\AppData\Local\Programs\MiKTeX\tex/latex/l3kernel\expl3.sty
Package: expl3 2023-03-30 L3 programming layer (loader) 

(C:\Users\Botló\AppData\Local\Programs\MiKTeX\tex/latex/l3backend\l3backend-pd
ftex.def
File: l3backend-pdftex.def 2023-03-30 L3 backend support: PDF output (pdfTeX)
\l__color_backend_stack_int=\count197
\l__pdf_internal_box=\box51
))
Package: l3keys2e 2023-02-02 LaTeX2e option processing using LaTeX3 keys
)
Package: lipsum 2021-09-20 v2.7 150 paragraphs of Lorem Ipsum dummy text
\g__lipsum_par_int=\count198
\l__lipsum_a_int=\count199
\l__lipsum_b_int=\count266

(C:\Users\Botló\AppData\Local\Programs\MiKTeX\tex/latex/lipsum\lipsum.ltd.tex)
) (3.aux)
\openout1 = `3.aux'.

LaTeX Font Info:    Checking defaults for OML/cmm/m/it on input line 4.
LaTeX Font Info:    ... okay on input line 4.
LaTeX Font Info:    Checking defaults for OMS/cmsy/m/n on input line 4.
LaTeX Font Info:    ... okay on input line 4.
LaTeX Font Info:    Checking defaults for OT1/cmr/m/n on input line 4.
LaTeX Font Info:    ... okay on input line 4.
LaTeX Font Info:    Checking defaults for T1/cmr/m/n on input line 4.
LaTeX Font Info:    ... okay on input line 4.
LaTeX Font Info:    Checking defaults for TS1/cmr/m/n on input line 4.
LaTeX Font Info:    ... okay on input line 4.
LaTeX Font Info:    Checking defaults for OMX/cmex/m/n on input line 4.
LaTeX Font Info:    ... okay on input line 4.
LaTeX Font Info:    Checking defaults for U/cmr/m/n on input line 4.
LaTeX Font Info:    ... okay on input line 4.
LaTeX Font Info:    External font `cmex10' loaded for size
(Font)              <7> on input line 28.
LaTeX Font Info:    External font `cmex10' loaded for size
(Font)              <5> on input line 28.
 [1

{C:/Users/Botló/AppData/Local/MiKTeX/fonts/map/pdftex/pdftex.map}]
Underfull \hbox (badness 10000) in paragraph at lines 98--99

 []


Underfull \hbox (badness 3668) in paragraph at lines 101--101
\OT1/cmr/m/n/10 sit amet, con-sec-
 []


Underfull \hbox (badness 10000) in paragraph at lines 101--101
\OT1/cmr/m/n/10 te-tuer adi-pi-scing
 []


Underfull \hbox (badness 5260) in paragraph at lines 101--101
\OT1/cmr/m/n/10 elit. Ut pu-rus
 []


Underfull \hbox (badness 10000) in paragraph at lines 101--101
\OT1/cmr/m/n/10 elit, ve-sti-bu-lum
 []


Underfull \hbox (badness 10000) in paragraph at lines 101--101
\OT1/cmr/m/n/10 ut, pla-ce-rat ac,
 []


Underfull \hbox (badness 10000) in paragraph at lines 101--101
\OT1/cmr/m/n/10 adi-pi-scing vi-tae,
 []


Underfull \hbox (badness 4467) in paragraph at lines 101--101
\OT1/cmr/m/n/10 fe-lis. Cu-ra-bi-tur
 []


Underfull \hbox (badness 10000) in paragraph at lines 101--101
\OT1/cmr/m/n/10 dic-tum gra-vida
 []


Underfull \hbox (badness 10000) in paragraph at lines 101--101
\OT1/cmr/m/n/10 li-bero, no-nummy
 []


Underfull \hbox (badness 4647) in paragraph at lines 101--101
\OT1/cmr/m/n/10 eget, con-sec-te-tuer
 []


Underfull \hbox (badness 10000) in paragraph at lines 101--101
\OT1/cmr/m/n/10 id, vul-pu-tate a,
 []


Underfull \hbox (badness 10000) in paragraph at lines 101--101
\OT1/cmr/m/n/10 ma-gna. Do-nec
 []


Underfull \hbox (badness 1173) in paragraph at lines 101--101
\OT1/cmr/m/n/10 ve-hi-cula au-gue eu
 []


Underfull \hbox (badness 10000) in paragraph at lines 101--101
\OT1/cmr/m/n/10 ne-que. Pel-len-
 []


Underfull \hbox (badness 10000) in paragraph at lines 101--101
\OT1/cmr/m/n/10 tes-que ha-bi-tant
 []


Underfull \hbox (badness 10000) in paragraph at lines 101--101
\OT1/cmr/m/n/10 morbi tri-sti-que
 []


Underfull \hbox (badness 3343) in paragraph at lines 101--101
\OT1/cmr/m/n/10 se-nec-tus et ne-tus
 []


Underfull \hbox (badness 2828) in paragraph at lines 101--101
\OT1/cmr/m/n/10 ac tur-pis ege-stas.
 []


Underfull \hbox (badness 10000) in paragraph at lines 101--101
\OT1/cmr/m/n/10 Mau-ris ut leo.
 []


Underfull \hbox (badness 3396) in paragraph at lines 101--101
\OT1/cmr/m/n/10 et lec-tus ve-sti-bu-
 []


Underfull \hbox (badness 1571) in paragraph at lines 101--101
\OT1/cmr/m/n/10 lum urna frin-gilla
 []


Underfull \hbox (badness 10000) in paragraph at lines 101--101
\OT1/cmr/m/n/10 tor-tor gra-vida
 []


Underfull \hbox (badness 1565) in paragraph at lines 101--101
\OT1/cmr/m/n/10 pla-ce-rat. In-te-ger
 []


Underfull \hbox (badness 1418) in paragraph at lines 101--101
\OT1/cmr/m/n/10 sa-pien est, ia-cu-lis
 []


Underfull \hbox (badness 3942) in paragraph at lines 101--101
\OT1/cmr/m/n/10 in, pre-tium quis,
 []


Underfull \hbox (badness 3713) in paragraph at lines 101--101
\OT1/cmr/m/n/10 vi-verra ac, nunc.
 []


Underfull \hbox (badness 10000) in paragraph at lines 101--101
\OT1/cmr/m/n/10 vel leo ul-tri-ces
 []


Underfull \hbox (badness 3168) in paragraph at lines 101--101
\OT1/cmr/m/n/10 fau-ci-bus. Morbi
 []


Underfull \hbox (badness 1117) in paragraph at lines 101--101
\OT1/cmr/m/n/10 do-lor nulla, ma-le-
 []


Underfull \hbox (badness 10000) in paragraph at lines 101--101
\OT1/cmr/m/n/10 Cu-ra-bi-tur auc-tor
 []


Underfull \hbox (badness 1205) in paragraph at lines 101--101
\OT1/cmr/m/n/10 ri-sus. Duis nibh
 []


Underfull \hbox (badness 10000) in paragraph at lines 101--101
\OT1/cmr/m/n/10 mi, con-gue eu,
 []


Underfull \hbox (badness 1292) in paragraph at lines 101--101
\OT1/cmr/m/n/10 ac-cu-m-san elei-fend,
 []


Underfull \hbox (badness 1038) in paragraph at lines 101--101
\OT1/cmr/m/n/10 Duis eget orci sit
 []


Underfull \hbox (badness 10000) in paragraph at lines 102--102
[]\OT1/cmr/m/n/10 Nam dui li-gula,
 []


Underfull \hbox (badness 1297) in paragraph at lines 102--102
\OT1/cmr/m/n/10 vel, wisi. Morbi
 []


Underfull \hbox (badness 2941) in paragraph at lines 102--102
\OT1/cmr/m/n/10 auc-tor lo-rem non
 []


Underfull \hbox (badness 10000) in paragraph at lines 102--102
\OT1/cmr/m/n/10 li-bero, pre-tium
 []


Underfull \hbox (badness 1735) in paragraph at lines 102--102
\OT1/cmr/m/n/10 at, lo-bor-tis vi-tae,
 []


Underfull \hbox (badness 10000) in paragraph at lines 102--102
\OT1/cmr/m/n/10 Do-nec ali-quet,
 []


Underfull \hbox (badness 10000) in paragraph at lines 102--102
\OT1/cmr/m/n/10 tor-tor sed ac-cu-
 []


Underfull \hbox (badness 10000) in paragraph at lines 102--102
\OT1/cmr/m/n/10 m-san bi-ben-dum,
 []


Underfull \hbox (badness 1292) in paragraph at lines 102--102
\OT1/cmr/m/n/10 erat li-gula ali-quet
 []


Underfull \hbox (badness 4543) in paragraph at lines 102--102
\OT1/cmr/m/n/10 ma-gna, vi-tae or-
 []


Underfull \hbox (badness 10000) in paragraph at lines 102--102
\OT1/cmr/m/n/10 et nisl hen-dre-rit
 []


Underfull \hbox (badness 10000) in paragraph at lines 102--102
\OT1/cmr/m/n/10 na-to-que pe-na-ti-
 []


Underfull \hbox (badness 1527) in paragraph at lines 102--102
\OT1/cmr/m/n/10 par-tu-rient mon-tes,
 []


Underfull \hbox (badness 10000) in paragraph at lines 102--102
\OT1/cmr/m/n/10 na-sce-tur ri-di-cu-lus
 []


Underfull \hbox (badness 10000) in paragraph at lines 102--102
\OT1/cmr/m/n/10 mus. Ali-quam
 []


Underfull \hbox (badness 10000) in paragraph at lines 102--102
\OT1/cmr/m/n/10 tin-ci-dunt urna.
 []


Underfull \hbox (badness 5681) in paragraph at lines 102--102
\OT1/cmr/m/n/10 Nulla ul-la-m-cor-per
 []


Underfull \hbox (badness 4156) in paragraph at lines 102--102
\OT1/cmr/m/n/10 ve-sti-bu-lum tur-pis.
 []


Underfull \hbox (badness 10000) in paragraph at lines 103--104
[]\OT1/cmr/m/n/10 Nulla ma-le-suada
 []


Underfull \hbox (badness 10000) in paragraph at lines 103--104
\OT1/cmr/m/n/10 port-ti-tor diam.
 []


Underfull \hbox (badness 10000) in paragraph at lines 103--104
\OT1/cmr/m/n/10 Do-nec fe-lis erat,
 []


Underfull \hbox (badness 4024) in paragraph at lines 103--104
\OT1/cmr/m/n/10 pat at, tin-ci-dunt
 []


Underfull \hbox (badness 10000) in paragraph at lines 103--104
\OT1/cmr/m/n/10 tri-sti-que, li-bero.
 []


Underfull \hbox (badness 10000) in paragraph at lines 103--104
\OT1/cmr/m/n/10 Vi-va-mus vi-verra
 []


Underfull \hbox (badness 10000) in paragraph at lines 103--104
\OT1/cmr/m/n/10 fer-men-tum fe-lis.
 []


Underfull \hbox (badness 10000) in paragraph at lines 103--104
\OT1/cmr/m/n/10 Do-nec no-nummy
 []


Underfull \hbox (badness 10000) in paragraph at lines 103--104
\OT1/cmr/m/n/10 pel-len-tes-que ante.
 []


Underfull \hbox (badness 10000) in paragraph at lines 103--104
\OT1/cmr/m/n/10 Pha-sel-lus adi-pi-
 []


Underfull \hbox (badness 2229) in paragraph at lines 103--104
\OT1/cmr/m/n/10 scing sem-per elit.
 []


Underfull \hbox (badness 10000) in paragraph at lines 103--104
\OT1/cmr/m/n/10 Proin fer-men-tum
 []


Underfull \hbox (badness 10000) in paragraph at lines 103--104
\OT1/cmr/m/n/10 massa ac quam.
 []


Underfull \hbox (badness 5985) in paragraph at lines 103--104
\OT1/cmr/m/n/10 Sed diam tur-pis,
 []


Underfull \hbox (badness 10000) in paragraph at lines 103--104
\OT1/cmr/m/n/10 mo-le-stie vi-tae,
 []


Underfull \hbox (badness 10000) in paragraph at lines 103--104
\OT1/cmr/m/n/10 li-gula, elei-fend
 []


Underfull \hbox (badness 1418) in paragraph at lines 103--104
\OT1/cmr/m/n/10 su-sci-pit a, ip-sum.
 []


Underfull \hbox (badness 4981) in paragraph at lines 103--104
\OT1/cmr/m/n/10 Morbi blan-dit li-
 []


Underfull \hbox (badness 1173) in paragraph at lines 103--104
\OT1/cmr/m/n/10 la-ci-nia nulla vi-tae
 []


Underfull \hbox (badness 5189) in paragraph at lines 103--104
\OT1/cmr/m/n/10 ma-gna. In-te-ger
 []


Underfull \hbox (badness 4621) in paragraph at lines 103--104
\OT1/cmr/m/n/10 eui-smod nunc eu
 []


Underfull \hbox (badness 3503) in paragraph at lines 103--104
\OT1/cmr/m/n/10 ben-dum quam in
 []


Underfull \hbox (badness 10000) in paragraph at lines 103--104
\OT1/cmr/m/n/10 pel-len-tes-que fe-lis
 []

[2]
Overfull \vbox (45.0pt too high) has occurred while \output is active []

 [3]
(3.aux) ) 
Here is how much of TeX's memory you used:
 955 strings out of 476331
 20630 string characters out of 5787293
 1864660 words of memory out of 5000000
 21455 multiletter control sequences out of 15000+600000
 512892 words of font info for 34 fonts, out of 8000000 for 9000
 1141 hyphenation exceptions out of 8191
 72i,8n,77p,223b,183s stack positions out of 10000i,1000n,20000p,200000b,200000s
<C:/Users/Botló/AppData/Local/Programs/MiKTeX/fonts/type1/public/amsf
onts/cm/cmbx12.pfb><C:/Users/Botló/AppData/Local/Programs/MiKTeX/fonts/type1/p
ublic/amsfonts/cm/cmr10.pfb>
Output written on 3.pdf (3 pages, 38376 bytes).
PDF statistics:
 22 PDF objects out of 1000 (max. 8388607)
 0 named destinations out of 1000 (max. 500000)
 1 words of extra memory for PDF output out of 10000 (max. 10000000)

